cl : Befehlszeile warning D9035: Die Option "Gm" ist veraltet und wird in einer der nächsten Versionen entfernt.
  snake_game.cpp
c:\users\ras_t\desktop\projects\snake_1.3_c++_backup\snake_1.3_c++\highscore.h(64): warning C4996: 'fopen': This function or variable may be unsafe. Consider using fopen_s instead. To disable deprecation, use _CRT_SECURE_NO_WARNINGS. See online help for details.
  c:\program files (x86)\windows kits\10\include\10.0.17763.0\ucrt\stdio.h(208): note: Siehe Deklaration von "fopen"
c:\users\ras_t\desktop\projects\snake_1.3_c++_backup\snake_1.3_c++\highscore.h(69): warning C4996: 'strncpy': This function or variable may be unsafe. Consider using strncpy_s instead. To disable deprecation, use _CRT_SECURE_NO_WARNINGS. See online help for details.
  c:\program files (x86)\windows kits\10\include\10.0.17763.0\ucrt\string.h(338): note: Siehe Deklaration von "strncpy"
c:\users\ras_t\desktop\projects\snake_1.3_c++_backup\snake_1.3_c++\highscore.h(72): warning C4996: 'strncpy': This function or variable may be unsafe. Consider using strncpy_s instead. To disable deprecation, use _CRT_SECURE_NO_WARNINGS. See online help for details.
  c:\program files (x86)\windows kits\10\include\10.0.17763.0\ucrt\string.h(338): note: Siehe Deklaration von "strncpy"
c:\users\ras_t\desktop\projects\snake_1.3_c++_backup\snake_1.3_c++\highscore.h(110): warning C4996: 'fopen': This function or variable may be unsafe. Consider using fopen_s instead. To disable deprecation, use _CRT_SECURE_NO_WARNINGS. See online help for details.
  c:\program files (x86)\windows kits\10\include\10.0.17763.0\ucrt\stdio.h(208): note: Siehe Deklaration von "fopen"
c:\users\ras_t\desktop\projects\snake_1.3_c++_backup\snake_1.3_c++\highscore.h(115): warning C4996: 'strncpy': This function or variable may be unsafe. Consider using strncpy_s instead. To disable deprecation, use _CRT_SECURE_NO_WARNINGS. See online help for details.
  c:\program files (x86)\windows kits\10\include\10.0.17763.0\ucrt\string.h(338): note: Siehe Deklaration von "strncpy"
c:\users\ras_t\desktop\projects\snake_1.3_c++_backup\snake_1.3_c++\highscore.h(118): warning C4996: 'strncpy': This function or variable may be unsafe. Consider using strncpy_s instead. To disable deprecation, use _CRT_SECURE_NO_WARNINGS. See online help for details.
  c:\program files (x86)\windows kits\10\include\10.0.17763.0\ucrt\string.h(338): note: Siehe Deklaration von "strncpy"
  display.cpp
c:\users\ras_t\desktop\projects\snake_1.3_c++_backup\snake_1.3_c++\highscore.h(64): warning C4996: 'fopen': This function or variable may be unsafe. Consider using fopen_s instead. To disable deprecation, use _CRT_SECURE_NO_WARNINGS. See online help for details.
  c:\program files (x86)\windows kits\10\include\10.0.17763.0\ucrt\stdio.h(208): note: Siehe Deklaration von "fopen"
c:\users\ras_t\desktop\projects\snake_1.3_c++_backup\snake_1.3_c++\highscore.h(69): warning C4996: 'strncpy': This function or variable may be unsafe. Consider using strncpy_s instead. To disable deprecation, use _CRT_SECURE_NO_WARNINGS. See online help for details.
  c:\program files (x86)\windows kits\10\include\10.0.17763.0\ucrt\string.h(338): note: Siehe Deklaration von "strncpy"
c:\users\ras_t\desktop\projects\snake_1.3_c++_backup\snake_1.3_c++\highscore.h(72): warning C4996: 'strncpy': This function or variable may be unsafe. Consider using strncpy_s instead. To disable deprecation, use _CRT_SECURE_NO_WARNINGS. See online help for details.
  c:\program files (x86)\windows kits\10\include\10.0.17763.0\ucrt\string.h(338): note: Siehe Deklaration von "strncpy"
c:\users\ras_t\desktop\projects\snake_1.3_c++_backup\snake_1.3_c++\highscore.h(110): warning C4996: 'fopen': This function or variable may be unsafe. Consider using fopen_s instead. To disable deprecation, use _CRT_SECURE_NO_WARNINGS. See online help for details.
  c:\program files (x86)\windows kits\10\include\10.0.17763.0\ucrt\stdio.h(208): note: Siehe Deklaration von "fopen"
c:\users\ras_t\desktop\projects\snake_1.3_c++_backup\snake_1.3_c++\highscore.h(115): warning C4996: 'strncpy': This function or variable may be unsafe. Consider using strncpy_s instead. To disable deprecation, use _CRT_SECURE_NO_WARNINGS. See online help for details.
  c:\program files (x86)\windows kits\10\include\10.0.17763.0\ucrt\string.h(338): note: Siehe Deklaration von "strncpy"
c:\users\ras_t\desktop\projects\snake_1.3_c++_backup\snake_1.3_c++\highscore.h(118): warning C4996: 'strncpy': This function or variable may be unsafe. Consider using strncpy_s instead. To disable deprecation, use _CRT_SECURE_NO_WARNINGS. See online help for details.
  c:\program files (x86)\windows kits\10\include\10.0.17763.0\ucrt\string.h(338): note: Siehe Deklaration von "strncpy"
  console.cpp
  Code wird generiert...
console.obj : warning LNK4075: /EDITANDCONTINUE wird aufgrund der Angabe von /SAFESEH ignoriert.
  SNAKE_1.3_C++.vcxproj -> C:\Users\ras_t\Desktop\Projects\SNAKE_1.3_C++_Backup\Debug\SNAKE_1.3_C++.exe
