  console.cpp
  display.cpp
c:\users\ras_t\desktop\projects\snake_1.3_c++_backup\snake_1.3_c++\highscore.h(64): warning C4996: 'fopen': This function or variable may be unsafe. Consider using fopen_s instead. To disable deprecation, use _CRT_SECURE_NO_WARNINGS. See online help for details.
  c:\program files (x86)\windows kits\10\include\10.0.17763.0\ucrt\stdio.h(208): note: Siehe Deklaration von "fopen"
c:\users\ras_t\desktop\projects\snake_1.3_c++_backup\snake_1.3_c++\highscore.h(69): warning C4996: 'strncpy': This function or variable may be unsafe. Consider using strncpy_s instead. To disable deprecation, use _CRT_SECURE_NO_WARNINGS. See online help for details.
  c:\program files (x86)\windows kits\10\include\10.0.17763.0\ucrt\string.h(338): note: Siehe Deklaration von "strncpy"
c:\users\ras_t\desktop\projects\snake_1.3_c++_backup\snake_1.3_c++\highscore.h(72): warning C4996: 'strncpy': This function or variable may be unsafe. Consider using strncpy_s instead. To disable deprecation, use _CRT_SECURE_NO_WARNINGS. See online help for details.
  c:\program files (x86)\windows kits\10\include\10.0.17763.0\ucrt\string.h(338): note: Siehe Deklaration von "strncpy"
c:\users\ras_t\desktop\projects\snake_1.3_c++_backup\snake_1.3_c++\highscore.h(110): warning C4996: 'fopen': This function or variable may be unsafe. Consider using fopen_s instead. To disable deprecation, use _CRT_SECURE_NO_WARNINGS. See online help for details.
  c:\program files (x86)\windows kits\10\include\10.0.17763.0\ucrt\stdio.h(208): note: Siehe Deklaration von "fopen"
c:\users\ras_t\desktop\projects\snake_1.3_c++_backup\snake_1.3_c++\highscore.h(115): warning C4996: 'strncpy': This function or variable may be unsafe. Consider using strncpy_s instead. To disable deprecation, use _CRT_SECURE_NO_WARNINGS. See online help for details.
  c:\program files (x86)\windows kits\10\include\10.0.17763.0\ucrt\string.h(338): note: Siehe Deklaration von "strncpy"
c:\users\ras_t\desktop\projects\snake_1.3_c++_backup\snake_1.3_c++\highscore.h(118): warning C4996: 'strncpy': This function or variable may be unsafe. Consider using strncpy_s instead. To disable deprecation, use _CRT_SECURE_NO_WARNINGS. See online help for details.
  c:\program files (x86)\windows kits\10\include\10.0.17763.0\ucrt\string.h(338): note: Siehe Deklaration von "strncpy"
  snake_game.cpp
c:\users\ras_t\desktop\projects\snake_1.3_c++_backup\snake_1.3_c++\highscore.h(64): warning C4996: 'fopen': This function or variable may be unsafe. Consider using fopen_s instead. To disable deprecation, use _CRT_SECURE_NO_WARNINGS. See online help for details.
  c:\program files (x86)\windows kits\10\include\10.0.17763.0\ucrt\stdio.h(208): note: Siehe Deklaration von "fopen"
c:\users\ras_t\desktop\projects\snake_1.3_c++_backup\snake_1.3_c++\highscore.h(69): warning C4996: 'strncpy': This function or variable may be unsafe. Consider using strncpy_s instead. To disable deprecation, use _CRT_SECURE_NO_WARNINGS. See online help for details.
  c:\program files (x86)\windows kits\10\include\10.0.17763.0\ucrt\string.h(338): note: Siehe Deklaration von "strncpy"
c:\users\ras_t\desktop\projects\snake_1.3_c++_backup\snake_1.3_c++\highscore.h(72): warning C4996: 'strncpy': This function or variable may be unsafe. Consider using strncpy_s instead. To disable deprecation, use _CRT_SECURE_NO_WARNINGS. See online help for details.
  c:\program files (x86)\windows kits\10\include\10.0.17763.0\ucrt\string.h(338): note: Siehe Deklaration von "strncpy"
c:\users\ras_t\desktop\projects\snake_1.3_c++_backup\snake_1.3_c++\highscore.h(110): warning C4996: 'fopen': This function or variable may be unsafe. Consider using fopen_s instead. To disable deprecation, use _CRT_SECURE_NO_WARNINGS. See online help for details.
  c:\program files (x86)\windows kits\10\include\10.0.17763.0\ucrt\stdio.h(208): note: Siehe Deklaration von "fopen"
c:\users\ras_t\desktop\projects\snake_1.3_c++_backup\snake_1.3_c++\highscore.h(115): warning C4996: 'strncpy': This function or variable may be unsafe. Consider using strncpy_s instead. To disable deprecation, use _CRT_SECURE_NO_WARNINGS. See online help for details.
  c:\program files (x86)\windows kits\10\include\10.0.17763.0\ucrt\string.h(338): note: Siehe Deklaration von "strncpy"
c:\users\ras_t\desktop\projects\snake_1.3_c++_backup\snake_1.3_c++\highscore.h(118): warning C4996: 'strncpy': This function or variable may be unsafe. Consider using strncpy_s instead. To disable deprecation, use _CRT_SECURE_NO_WARNINGS. See online help for details.
  c:\program files (x86)\windows kits\10\include\10.0.17763.0\ucrt\string.h(338): note: Siehe Deklaration von "strncpy"
  Code wird generiert.
  All 549 functions were compiled because no usable IPDB/IOBJ from previous compilation was found.
  Codegenerierung ist abgeschlossen.
  SNAKE_1.3_C++.vcxproj -> C:\Users\ras_t\Desktop\Projects\SNAKE_1.3_C++_Backup\Release\SNAKE_1.3_C++.exe
